<?xml version="1.0" encoding="UTF-8"?>
<testng-results ignored="0" total="1" passed="1" failed="0" skipped="0">
  <reporter-output>
  </reporter-output>
  <suite started-at="2023-12-24T20:09:17 IST" name="Default suite" finished-at="2023-12-24T20:09:35 IST" duration-ms="17810">
    <groups>
    </groups>
    <test started-at="2023-12-24T20:09:17 IST" name="Default test" finished-at="2023-12-24T20:09:35 IST" duration-ms="17810">
      <class name="com.wipro.testcase.RegisterData">
        <test-method is-config="true" signature="start()[pri:0, instance:com.wipro.testcase.RegisterData@2892d68]" started-at="2023-12-24T20:09:18 IST" name="start" finished-at="2023-12-24T20:09:25 IST" duration-ms="6734" status="PASS">
          <reporter-output>
          </reporter-output>
        </test-method> <!-- start -->
        <test-method signature="registrationData(java.lang.String,java.lang.String,java.lang.String,java.lang.String,java.lang.String)[pri:0, instance:com.wipro.testcase.RegisterData@2892d68]" started-at="2023-12-24T20:09:25 IST" name="registrationData" data-provider="registration" finished-at="2023-12-24T20:09:29 IST" duration-ms="4034" status="PASS">
          <params>
            <param index="0">
              <value>
                <![CDATA[Gaurav]]>
              </value>
            </param>
            <param index="1">
              <value>
                <![CDATA[Singh]]>
              </value>
            </param>
            <param index="2">
              <value>
                <![CDATA[emailtogaurav30@gmail.com]]>
              </value>
            </param>
            <param index="3">
              <value>
                <![CDATA[Gaurav77@123]]>
              </value>
            </param>
            <param index="4">
              <value>
                <![CDATA[Gaurav77@123]]>
              </value>
            </param>
          </params>
          <reporter-output>
          </reporter-output>
        </test-method> <!-- registrationData -->
        <test-method is-config="true" signature="end()[pri:0, instance:com.wipro.testcase.RegisterData@2892d68]" started-at="2023-12-24T20:09:29 IST" name="end" finished-at="2023-12-24T20:09:35 IST" duration-ms="5785" status="PASS">
          <reporter-output>
          </reporter-output>
        </test-method> <!-- end -->
      </class> <!-- com.wipro.testcase.RegisterData -->
    </test> <!-- Default test -->
  </suite> <!-- Default suite -->
</testng-results>
